<--------------

dbService:
Offline Connection Count:0
Served Count:11
Connection Count:10
Refuse Count:0
Avaliable Connection Count:10
Active Connection Count:0
Maxximum Connection Count:40


netService:
SocketServer:ReadMessages:0
WritternMessage:0
ManagedSessionCount:0
ReadBytesThroughput:0.0byte/s
WrittenBytesThroughput:0.0byte/s

HttpServer:ReadMessages:0
WritternMessage:0
ManagedSessionCount:0
ReadBytesThroughput:0.0byte/s
WrittenBytesThroughput:0.0byte/s



sessionService:
onlineNumber:0


playerService:


登陆服务:


item:


effect:


skill:


npcService:


mapService:


chat:


ui:


fightService:


shareService:


task:


group:


guild:


manufactureService:


gatherService:


social:


Lover:


DuelService:


dungeon:


novice:


gm:


charge:


pet:


bbs:


micro:


logService:

-------------->
<--------------

dbService:
Offline Connection Count:0
Served Count:12
Connection Count:10
Refuse Count:0
Avaliable Connection Count:10
Active Connection Count:0
Maxximum Connection Count:40


netService:
SocketServer:ReadMessages:0
WritternMessage:0
ManagedSessionCount:0
ReadBytesThroughput:0.0byte/s
WrittenBytesThroughput:0.0byte/s

HttpServer:ReadMessages:0
WritternMessage:0
ManagedSessionCount:0
ReadBytesThroughput:0.0byte/s
WrittenBytesThroughput:0.0byte/s



sessionService:
onlineNumber:0


playerService:


登陆服务:


item:


effect:


skill:


npcService:


mapService:


chat:


ui:


fightService:


shareService:


task:


group:


guild:


manufactureService:


gatherService:


social:


Lover:


DuelService:


dungeon:


novice:


gm:


charge:


pet:


bbs:


micro:


logService:

-------------->
<--------------

dbService:
Offline Connection Count:0
Served Count:13
Connection Count:10
Refuse Count:0
Avaliable Connection Count:10
Active Connection Count:0
Maxximum Connection Count:40


netService:
SocketServer:ReadMessages:0
WritternMessage:0
ManagedSessionCount:0
ReadBytesThroughput:0.0byte/s
WrittenBytesThroughput:0.0byte/s

HttpServer:ReadMessages:0
WritternMessage:0
ManagedSessionCount:0
ReadBytesThroughput:0.0byte/s
WrittenBytesThroughput:0.0byte/s



sessionService:
onlineNumber:0


playerService:


登陆服务:


item:


effect:


skill:


npcService:


mapService:


chat:


ui:


fightService:


shareService:


task:


group:


guild:


manufactureService:


gatherService:


social:


Lover:


DuelService:


dungeon:


novice:


gm:


charge:


pet:


bbs:


micro:


logService:

-------------->
<--------------

dbService:
Offline Connection Count:0
Served Count:14
Connection Count:10
Refuse Count:0
Avaliable Connection Count:10
Active Connection Count:0
Maxximum Connection Count:40


netService:
SocketServer:ReadMessages:0
WritternMessage:0
ManagedSessionCount:0
ReadBytesThroughput:0.0byte/s
WrittenBytesThroughput:0.0byte/s

HttpServer:ReadMessages:0
WritternMessage:0
ManagedSessionCount:0
ReadBytesThroughput:0.0byte/s
WrittenBytesThroughput:0.0byte/s



sessionService:
onlineNumber:0


playerService:


登陆服务:


item:


effect:


skill:


npcService:


mapService:


chat:


ui:


fightService:


shareService:


task:


group:


guild:


manufactureService:


gatherService:


social:


Lover:


DuelService:


dungeon:


novice:


gm:


charge:


pet:


bbs:


micro:


logService:

-------------->
<--------------

dbService:
Offline Connection Count:0
Served Count:15
Connection Count:10
Refuse Count:0
Avaliable Connection Count:10
Active Connection Count:0
Maxximum Connection Count:40


netService:
SocketServer:ReadMessages:0
WritternMessage:0
ManagedSessionCount:0
ReadBytesThroughput:0.0byte/s
WrittenBytesThroughput:0.0byte/s

HttpServer:ReadMessages:0
WritternMessage:0
ManagedSessionCount:0
ReadBytesThroughput:0.0byte/s
WrittenBytesThroughput:0.0byte/s



sessionService:
onlineNumber:0


playerService:


登陆服务:


item:


effect:


skill:


npcService:


mapService:


chat:


ui:


fightService:


shareService:


task:


group:


guild:


manufactureService:


gatherService:


social:


Lover:


DuelService:


dungeon:


novice:


gm:


charge:


pet:


bbs:


micro:


logService:

-------------->
<--------------

dbService:
Offline Connection Count:0
Served Count:16
Connection Count:10
Refuse Count:0
Avaliable Connection Count:10
Active Connection Count:0
Maxximum Connection Count:40


netService:
SocketServer:ReadMessages:0
WritternMessage:0
ManagedSessionCount:0
ReadBytesThroughput:0.0byte/s
WrittenBytesThroughput:0.0byte/s

HttpServer:ReadMessages:0
WritternMessage:0
ManagedSessionCount:0
ReadBytesThroughput:0.0byte/s
WrittenBytesThroughput:0.0byte/s



sessionService:
onlineNumber:0


playerService:


登陆服务:


item:


effect:


skill:


npcService:


mapService:


chat:


ui:


fightService:


shareService:


task:


group:


guild:


manufactureService:


gatherService:


social:


Lover:


DuelService:


dungeon:


novice:


gm:


charge:


pet:


bbs:


micro:


logService:

-------------->
